<?xml version="1.0" encoding="UTF-8"?>
<!-- Generated by org.testng.reporters.JUnitReportReporter -->
<testsuite hostname="DESKTOP-GD0TEIC" failures="0" tests="1" name="Test_se_java.test4" time="70.733" errors="0" timestamp="2024-12-21T02:01:36 CET" skipped="0">
  <testcase classname="Test_se_java.test4" name="testScenario" time="70.733"/>
  <system-out/>
</testsuite> <!-- Test_se_java.test4 -->
