<?xml version="1.0" encoding="UTF-8"?>
<!-- Generated by org.testng.reporters.JUnitReportReporter -->
<testsuite hostname="DESKTOP-GD0TEIC" failures="0" tests="1" name="tests.Case2_SignInTest" time="32.251" errors="0" timestamp="2024-12-22T01:26:31 CET" skipped="0">
  <testcase classname="tests.Case2_SignInTest" name="testSignIn" time="32.251"/>
  <system-out/>
</testsuite> <!-- tests.Case2_SignInTest -->
