<?xml version="1.0" encoding="UTF-8"?>
<!-- Generated by org.testng.reporters.JUnitReportReporter -->
<testsuite hostname="DESKTOP-GD0TEIC" failures="0" tests="1" name="Test_se_java.test3" time="35.073" errors="0" timestamp="2024-12-21T00:10:38 CET" skipped="0">
  <testcase classname="Test_se_java.test3" name="testScenario" time="35.073"/>
  <system-out/>
</testsuite> <!-- Test_se_java.test3 -->
