<?xml version="1.0" encoding="UTF-8"?>
<!-- Generated by org.testng.reporters.JUnitReportReporter -->
<testsuite hostname="DESKTOP-GD0TEIC" failures="0" tests="1" name="tests.Case3_PageFiltersTest" time="11.666" errors="0" timestamp="2024-12-22T01:55:14 CET" skipped="0">
  <testcase classname="tests.Case3_PageFiltersTest" name="testPageFilters" time="11.666"/>
  <system-out/>
</testsuite> <!-- tests.Case3_PageFiltersTest -->
