<?xml version="1.0" encoding="UTF-8"?>
<!-- Generated by org.testng.reporters.JUnitReportReporter -->
<testsuite hostname="DESKTOP-GD0TEIC" failures="0" tests="1" name="Test_se_java.test5" time="27.159" errors="0" timestamp="2024-12-21T02:31:37 CET" skipped="0">
  <testcase classname="Test_se_java.test5" name="testScenario" time="27.159"/>
  <system-out/>
</testsuite> <!-- Test_se_java.test5 -->
