<?xml version="1.0" encoding="UTF-8"?>
<!-- Generated by org.testng.reporters.JUnitReportReporter -->
<testsuite hostname="DESKTOP-GD0TEIC" failures="0" tests="1" name="Test_se_java.test2" time="17.056" errors="0" timestamp="2024-12-20T22:21:50 CET" skipped="0">
  <testcase classname="Test_se_java.test2" name="testLoginAndSignOut" time="17.056"/>
  <system-out/>
</testsuite> <!-- Test_se_java.test2 -->
