<?xml version="1.0" encoding="UTF-8"?>
<!-- Generated by org.testng.reporters.JUnitReportReporter -->
<testsuite hostname="DESKTOP-GD0TEIC" failures="0" tests="1" name="tests.Case6_EmptyCartTest" time="34.059" errors="0" timestamp="2024-12-22T02:54:07 CET" skipped="0">
  <testcase classname="tests.Case6_EmptyCartTest" name="testEmptyCart" time="34.059"/>
  <system-out/>
</testsuite> <!-- tests.Case6_EmptyCartTest -->
