<?xml version="1.0" encoding="UTF-8"?>
<!-- Generated by org.testng.reporters.JUnitReportReporter -->
<testsuite hostname="DESKTOP-GD0TEIC" failures="0" tests="1" name="Test_se_java.test6" time="31.107" errors="0" timestamp="2024-12-21T02:56:01 CET" skipped="0">
  <testcase classname="Test_se_java.test6" name="testScenario" time="31.107"/>
  <system-out/>
</testsuite> <!-- Test_se_java.test6 -->
