<?xml version="1.0" encoding="UTF-8"?>
<!-- Generated by org.testng.reporters.JUnitReportReporter -->
<testsuite hostname="DESKTOP-GD0TEIC" failures="0" tests="1" name="tests.Case5_ShoppingCartTest" time="53.936" errors="0" timestamp="2024-12-22T02:43:18 CET" skipped="0">
  <testcase classname="tests.Case5_ShoppingCartTest" name="testShoppingCart" time="53.936"/>
  <system-out/>
</testsuite> <!-- tests.Case5_ShoppingCartTest -->
