<?xml version="1.0" encoding="UTF-8"?>
<!-- Generated by org.testng.reporters.JUnitReportReporter -->
<testsuite hostname="DESKTOP-GD0TEIC" failures="0" tests="1" name="tests.Case4_WishListTest" time="27.361" errors="0" timestamp="2024-12-22T02:18:38 CET" skipped="0">
  <testcase classname="tests.Case4_WishListTest" name="testWishList" time="27.361"/>
  <system-out/>
</testsuite> <!-- tests.Case4_WishListTest -->
